TN:
SF:src/constants/routes.js
FN:13,(anonymous_0)
FNF:1
FNH:1
FNDA:69,(anonymous_0)
DA:6,6
DA:13,6
DA:14,69
DA:16,20
DA:18,19
DA:20,17
DA:22,12
DA:24,1
LF:8
LH:8
BRDA:14,0,0,20
BRDA:14,0,1,19
BRDA:14,0,2,17
BRDA:14,0,3,12
BRDA:14,0,4,1
BRF:5
BRH:5
end_of_record
TN:
SF:src/constants/usersTest.js
FNF:0
FNH:0
LF:0
LH:0
BRF:0
BRH:0
end_of_record
TN:
SF:src/containers/Bills.js
FN:6,(anonymous_0)
FN:17,(anonymous_1)
FN:18,(anonymous_2)
FN:23,(anonymous_3)
FN:27,(anonymous_4)
FN:38,(anonymous_5)
FN:43,(anonymous_6)
FN:44,(anonymous_7)
FNF:8
FNH:7
FNDA:20,(anonymous_0)
FNDA:100,(anonymous_1)
FNDA:0,(anonymous_2)
FNDA:2,(anonymous_3)
FNDA:4,(anonymous_4)
FNDA:11,(anonymous_5)
FNDA:9,(anonymous_6)
FNDA:36,(anonymous_7)
DA:7,20
DA:8,20
DA:9,20
DA:10,20
DA:13,20
DA:14,19
DA:15,20
DA:16,20
DA:17,20
DA:18,100
DA:20,20
DA:23,20
DA:24,2
DA:27,20
DA:28,4
DA:29,4
DA:30,4
DA:35,4
DA:38,20
DA:39,11
DA:40,11
DA:44,9
DA:45,36
DA:46,36
DA:54,0
DA:55,0
DA:62,9
DA:63,9
LF:28
LH:26
BRDA:13,0,0,19
BRDA:13,0,1,1
BRDA:16,1,0,20
BRDA:16,1,1,0
BRDA:39,2,0,11
BRDA:39,2,1,0
BRF:6
BRH:4
end_of_record
TN:
SF:src/containers/Dashboard.js
FN:8,(anonymous_0)
FN:10,(anonymous_1)
FN:30,(anonymous_2)
FN:59,(anonymous_3)
FN:60,(anonymous_4)
FN:63,(anonymous_5)
FN:75,(anonymous_6)
FN:79,(anonymous_7)
FN:80,(anonymous_8)
FN:81,(anonymous_9)
FN:85,(anonymous_10)
FN:97,(anonymous_11)
FN:101,(anonymous_12)
FN:118,(anonymous_13)
FN:119,(anonymous_14)
FN:122,(anonymous_15)
FN:132,(anonymous_16)
FN:142,(anonymous_17)
FN:164,(anonymous_18)
FN:167,(anonymous_19)
FN:173,(anonymous_20)
FN:178,(anonymous_21)
FN:179,(anonymous_22)
FN:187,(anonymous_23)
FNF:24
FNH:19
FNDA:44,(anonymous_0)
FNDA:104,(anonymous_1)
FNDA:6,(anonymous_2)
FNDA:6,(anonymous_3)
FNDA:6,(anonymous_4)
FNDA:5,(anonymous_5)
FNDA:14,(anonymous_6)
FNDA:0,(anonymous_7)
FNDA:0,(anonymous_8)
FNDA:0,(anonymous_9)
FNDA:1,(anonymous_10)
FNDA:3,(anonymous_11)
FNDA:8,(anonymous_12)
FNDA:0,(anonymous_13)
FNDA:0,(anonymous_14)
FNDA:1,(anonymous_15)
FNDA:1,(anonymous_16)
FNDA:5,(anonymous_17)
FNDA:20,(anonymous_18)
FNDA:3,(anonymous_19)
FNDA:5,(anonymous_20)
FNDA:3,(anonymous_21)
FNDA:12,(anonymous_22)
FNDA:2,(anonymous_23)
DA:8,6
DA:9,44
DA:14,104
DA:15,104
DA:20,0
DA:25,104
DA:30,6
DA:31,6
DA:32,6
DA:35,6
DA:39,6
DA:59,6
DA:60,6
DA:63,6
DA:64,5
DA:66,3
DA:68,1
DA:70,1
DA:76,14
DA:77,14
DA:78,14
DA:79,14
DA:80,14
DA:81,14
DA:82,14
DA:85,14
DA:86,1
DA:87,1
DA:88,1
DA:93,1
DA:94,0
DA:98,3
DA:99,3
DA:100,3
DA:101,2
DA:102,8
DA:104,2
DA:105,2
DA:106,2
DA:107,2
DA:109,1
DA:111,1
DA:114,1
DA:115,1
DA:117,3
DA:118,3
DA:119,3
DA:122,14
DA:123,1
DA:128,1
DA:129,1
DA:132,14
DA:133,1
DA:138,1
DA:139,1
DA:143,5
DA:144,5
DA:145,5
DA:146,5
DA:147,5
DA:150,5
DA:152,0
DA:153,0
DA:154,0
DA:164,5
DA:165,20
DA:167,3
DA:170,5
DA:173,14
DA:174,5
DA:175,5
DA:179,12
DA:185,3
DA:188,2
LF:74
LH:69
BRDA:9,0,0,26
BRDA:9,0,1,18
BRDA:9,1,0,44
BRDA:9,1,1,26
BRDA:14,2,0,104
BRDA:14,2,1,0
BRDA:21,3,0,0
BRDA:21,3,1,0
BRDA:32,4,0,0
BRDA:32,4,1,6
BRDA:35,5,0,0
BRDA:35,5,1,6
BRDA:60,6,0,5
BRDA:60,6,1,1
BRDA:60,7,0,6
BRDA:60,7,1,6
BRDA:64,8,0,3
BRDA:64,8,1,1
BRDA:64,8,2,1
BRDA:93,9,0,0
BRDA:93,9,1,1
BRDA:98,10,0,2
BRDA:98,10,1,1
BRDA:98,11,0,3
BRDA:98,11,1,3
BRDA:99,12,0,2
BRDA:99,12,1,1
BRDA:99,13,0,3
BRDA:99,13,1,1
BRDA:100,14,0,2
BRDA:100,14,1,1
BRDA:143,15,0,5
BRDA:143,15,1,0
BRDA:143,16,0,5
BRDA:143,16,1,2
BRDA:144,17,0,5
BRDA:144,17,1,0
BRDA:144,18,0,5
BRDA:144,18,1,2
BRDA:145,19,0,5
BRDA:145,19,1,0
BRDA:174,20,0,5
BRDA:174,20,1,0
BRF:43
BRH:33
end_of_record
TN:
SF:src/containers/Login.js
FN:6,(anonymous_0)
FN:27,(anonymous_1)
FN:40,(anonymous_2)
FN:41,(anonymous_3)
FN:49,(anonymous_4)
FN:68,(anonymous_5)
FN:69,(anonymous_6)
FN:78,(anonymous_7)
FN:87,(anonymous_8)
FN:96,(anonymous_9)
FN:108,(anonymous_10)
FNF:11
FNH:5
FNDA:5,(anonymous_0)
FNDA:2,(anonymous_1)
FNDA:0,(anonymous_2)
FNDA:2,(anonymous_3)
FNDA:2,(anonymous_4)
FNDA:0,(anonymous_5)
FNDA:2,(anonymous_6)
FNDA:0,(anonymous_7)
FNDA:0,(anonymous_8)
FNDA:0,(anonymous_9)
FNDA:0,(anonymous_10)
DA:2,4
DA:13,5
DA:14,5
DA:15,5
DA:16,5
DA:17,5
DA:18,5
DA:21,5
DA:22,5
DA:25,5
DA:27,5
DA:28,2
DA:29,2
DA:38,2
DA:39,2
DA:40,0
DA:42,2
DA:43,2
DA:44,2
DA:45,2
DA:49,5
DA:50,2
DA:51,2
DA:66,2
DA:67,2
DA:68,0
DA:70,2
DA:71,2
DA:72,2
DA:73,2
DA:78,5
DA:79,0
DA:80,0
DA:88,0
DA:91,0
DA:96,5
DA:97,0
DA:98,0
DA:109,0
DA:110,0
DA:113,0
LF:41
LH:30
BRDA:79,0,0,0
BRDA:79,0,1,0
BRDA:97,1,0,0
BRDA:97,1,1,0
BRF:4
BRH:0
end_of_record
TN:
SF:src/containers/Logout.js
FN:4,(anonymous_0)
FN:11,(anonymous_1)
FNF:2
FNH:2
FNDA:55,(anonymous_0)
FNDA:2,(anonymous_1)
DA:5,55
DA:6,55
DA:7,55
DA:8,55
DA:11,55
DA:12,2
DA:13,2
LF:7
LH:7
BRF:0
BRH:0
end_of_record
TN:
SF:src/containers/NewBill.js
FN:5,(anonymous_0)
FN:20,(anonymous_1)
FN:41,getFileFormat
FN:64,(anonymous_3)
FN:104,(anonymous_4)
FN:110,(anonymous_5)
FN:112,(anonymous_6)
FN:142,(anonymous_7)
FN:147,(anonymous_8)
FN:150,(anonymous_9)
FNF:10
FNH:8
FNDA:20,(anonymous_0)
FNDA:8,(anonymous_1)
FNDA:8,getFileFormat
FNDA:8,(anonymous_3)
FNDA:8,(anonymous_4)
FNDA:0,(anonymous_5)
FNDA:2,(anonymous_6)
FNDA:2,(anonymous_7)
FNDA:2,(anonymous_8)
FNDA:0,(anonymous_9)
DA:6,20
DA:7,20
DA:8,20
DA:9,20
DA:12,20
DA:13,20
DA:14,20
DA:15,20
DA:16,20
DA:17,20
DA:18,20
DA:20,20
DA:21,8
DA:22,8
DA:24,8
DA:25,8
DA:26,8
DA:27,8
DA:30,8
DA:33,8
DA:36,8
DA:37,0
DA:42,8
DA:43,8
DA:45,8
DA:46,32
DA:50,8
DA:52,0
DA:54,0
DA:56,8
DA:60,8
DA:61,8
DA:62,8
DA:64,8
DA:65,8
DA:66,8
DA:68,8
DA:69,0
DA:70,0
DA:72,8
DA:73,8
DA:74,8
DA:75,8
DA:76,8
DA:77,8
DA:79,8
DA:80,8
DA:81,8
DA:82,8
DA:83,8
DA:87,8
DA:90,8
DA:91,8
DA:93,8
DA:94,8
DA:96,8
DA:105,8
DA:106,8
DA:107,8
DA:108,8
DA:110,0
DA:112,20
DA:113,2
DA:114,2
DA:118,2
DA:119,2
DA:137,2
DA:138,2
DA:142,20
DA:143,2
DA:144,2
DA:148,2
DA:150,0
LF:73
LH:66
BRDA:50,0,0,0
BRDA:50,0,1,0
BRDA:50,0,2,8
BRDA:68,1,0,0
BRDA:68,1,1,8
BRDA:129,2,0,2
BRDA:129,2,1,0
BRDA:143,3,0,2
BRDA:143,3,1,0
BRF:9
BRH:4
end_of_record
TN:
SF:src/views/Actions.js
FN:4,(anonymous_0)
FNF:1
FNH:1
FNDA:42,(anonymous_0)
DA:5,42
LF:1
LH:1
BRF:0
BRH:0
end_of_record
TN:
SF:src/views/BillsUI.js
FN:7,(anonymous_0)
FN:22,(anonymous_1)
FN:26,(anonymous_2)
FN:28,(anonymous_3)
FN:31,(anonymous_4)
FN:32,(anonymous_5)
FNF:6
FNH:6
FNDA:40,(anonymous_0)
FNDA:17,(anonymous_1)
FNDA:57,(anonymous_2)
FNDA:40,(anonymous_3)
FNDA:31,(anonymous_4)
FNDA:17,(anonymous_5)
DA:7,6
DA:8,40
DA:22,6
DA:25,17
DA:26,57
DA:28,40
DA:32,31
DA:49,31
DA:50,10
DA:51,21
DA:52,4
DA:55,17
LF:12
LH:12
BRDA:25,0,0,10
BRDA:25,0,1,7
BRDA:25,1,0,17
BRDA:25,1,1,11
BRDA:26,2,0,30
BRDA:26,2,1,27
BRDA:28,3,0,10
BRDA:28,3,1,7
BRDA:28,4,0,17
BRDA:28,4,1,11
BRDA:49,5,0,10
BRDA:49,5,1,21
BRDA:51,6,0,4
BRDA:51,6,1,17
BRF:14
BRH:14
end_of_record
TN:
SF:src/views/DashboardFormUI.js
FN:7,(anonymous_0)
FN:24,(anonymous_1)
FNF:2
FNH:2
FNDA:9,(anonymous_0)
FNDA:9,(anonymous_1)
DA:7,9
DA:26,9
LF:2
LH:2
BRDA:79,0,0,6
BRDA:79,0,1,3
BRDA:92,1,0,6
BRDA:92,1,1,3
BRF:4
BRH:4
end_of_record
TN:
SF:src/views/DashboardUI.js
FN:8,(anonymous_0)
FNF:1
FNH:1
FNDA:21,(anonymous_0)
DA:9,21
DA:10,6
DA:11,15
DA:12,3
DA:15,12
LF:5
LH:5
BRDA:9,0,0,6
BRDA:9,0,1,15
BRDA:11,1,0,3
BRDA:11,1,1,12
BRDA:22,2,0,12
BRDA:22,2,1,7
BRDA:31,3,0,12
BRDA:31,3,1,7
BRDA:40,4,0,12
BRDA:40,4,1,7
BRF:10
BRH:10
end_of_record
TN:
SF:src/views/ErrorPage.js
FN:3,(anonymous_0)
FNF:1
FNH:1
FNDA:9,(anonymous_0)
DA:4,9
LF:1
LH:1
BRDA:12,0,0,8
BRDA:12,0,1,1
BRF:2
BRH:2
end_of_record
TN:
SF:src/views/LoadingPage.js
FN:3,(anonymous_0)
FNF:1
FNH:1
FNDA:17,(anonymous_0)
DA:5,17
LF:1
LH:1
BRF:0
BRH:0
end_of_record
TN:
SF:src/views/LoginUI.js
FN:2,(anonymous_0)
FNF:1
FNH:1
FNDA:27,(anonymous_0)
DA:4,27
LF:1
LH:1
BRF:0
BRH:0
end_of_record
TN:
SF:src/views/NewBillUI.js
FN:3,(anonymous_0)
FNF:1
FNH:1
FNDA:23,(anonymous_0)
DA:5,23
LF:1
LH:1
BRF:0
BRH:0
end_of_record
TN:
SF:src/views/VerticalLayout.js
FN:5,(anonymous_0)
FNF:1
FNH:1
FNDA:79,(anonymous_0)
DA:7,79
DA:8,79
DA:9,67
DA:11,79
DA:12,51
DA:29,28
LF:6
LH:6
BRDA:8,0,0,67
BRDA:8,0,1,12
BRDA:11,1,0,51
BRDA:11,1,1,28
BRDA:11,2,0,79
BRDA:11,2,1,67
BRF:6
BRH:6
end_of_record
